> Task :compileJava
> Task :processResources UP-TO-DATE
> Task :classes
> Task :resolveMainClassName

> Task :bootRun

  .   ____          _            __ _ _
 /\\ / ___'_ __ _ _(_)_ __  __ _ \ \ \ \
( ( )\___ | '_ | '_| | '_ \/ _` | \ \ \ \
 \\/  ___)| |_)| | | | | || (_| |  ) ) ) )
  '  |____| .__|_| |_|_| |_\__, | / / / /
 =========|_|==============|___/=/_/_/_/

 :: Spring Boot ::                (v3.5.4)

2025-08-19T16:33:42.109+02:00  INFO 3614 --- [bucketlist] [           main] com.bucketlist.BucketListApplication     : Starting BucketListApplication using Java 21.0.7 with PID 3614 (/Users/theo/Documents/lifetiming/bucketlist-prototype/backend/build/classes/java/main started by theo in /Users/theo/Documents/lifetiming/bucketlist-prototype/backend)
2025-08-19T16:33:42.111+02:00 DEBUG 3614 --- [bucketlist] [           main] com.bucketlist.BucketListApplication     : Running with Spring Boot v3.5.4, Spring v6.2.9
2025-08-19T16:33:42.112+02:00  INFO 3614 --- [bucketlist] [           main] com.bucketlist.BucketListApplication     : No active profile set, falling back to 1 default profile: "default"
2025-08-19T16:33:42.786+02:00  INFO 3614 --- [bucketlist] [           main] .s.d.r.c.RepositoryConfigurationDelegate : Bootstrapping Spring Data JPA repositories in DEFAULT mode.
2025-08-19T16:33:42.921+02:00  INFO 3614 --- [bucketlist] [           main] .s.d.r.c.RepositoryConfigurationDelegate : Finished Spring Data repository scanning in 129 ms. Found 3 JPA repository interfaces.
2025-08-19T16:33:43.344+02:00  INFO 3614 --- [bucketlist] [           main] o.s.b.w.embedded.tomcat.TomcatWebServer  : Tomcat initialized with port 8080 (http)
2025-08-19T16:33:43.362+02:00  INFO 3614 --- [bucketlist] [           main] o.apache.catalina.core.StandardService   : Starting service [Tomcat]
2025-08-19T16:33:43.362+02:00  INFO 3614 --- [bucketlist] [           main] o.apache.catalina.core.StandardEngine    : Starting Servlet engine: [Apache Tomcat/10.1.43]
2025-08-19T16:33:43.418+02:00  INFO 3614 --- [bucketlist] [           main] o.a.c.c.C.[Tomcat].[localhost].[/]       : Initializing Spring embedded WebApplicationContext
2025-08-19T16:33:43.418+02:00  INFO 3614 --- [bucketlist] [           main] w.s.c.ServletWebServerApplicationContext : Root WebApplicationContext: initialization completed in 1264 ms
2025-08-19T16:33:43.541+02:00  INFO 3614 --- [bucketlist] [           main] o.hibernate.jpa.internal.util.LogHelper  : HHH000204: Processing PersistenceUnitInfo [name: default]
2025-08-19T16:33:43.578+02:00  INFO 3614 --- [bucketlist] [           main] org.hibernate.Version                    : HHH000412: Hibernate ORM core version 6.6.22.Final
2025-08-19T16:33:43.607+02:00  INFO 3614 --- [bucketlist] [           main] o.h.c.internal.RegionFactoryInitiator    : HHH000026: Second-level cache disabled
2025-08-19T16:33:43.834+02:00  INFO 3614 --- [bucketlist] [           main] o.s.o.j.p.SpringPersistenceUnitInfo      : No LoadTimeWeaver setup: ignoring JPA class transformer
2025-08-19T16:33:43.854+02:00  INFO 3614 --- [bucketlist] [           main] com.zaxxer.hikari.HikariDataSource       : HikariPool-1 - Starting...
2025-08-19T16:33:43.986+02:00  INFO 3614 --- [bucketlist] [           main] com.zaxxer.hikari.pool.HikariPool        : HikariPool-1 - Added connection conn0: url=jdbc:h2:mem:bucketlist user=SA
2025-08-19T16:33:43.987+02:00  INFO 3614 --- [bucketlist] [           main] com.zaxxer.hikari.HikariDataSource       : HikariPool-1 - Start completed.
2025-08-19T16:33:44.025+02:00  INFO 3614 --- [bucketlist] [           main] org.hibernate.orm.connections.pooling    : HHH10001005: Database info:
	Database JDBC URL [Connecting through datasource 'HikariDataSource (HikariPool-1)']
	Database driver: undefined/unknown
	Database version: 2.3.232
	Autocommit mode: undefined/unknown
	Isolation level: undefined/unknown
	Minimum pool size: undefined/unknown
	Maximum pool size: undefined/unknown
2025-08-19T16:33:44.741+02:00  INFO 3614 --- [bucketlist] [           main] o.h.e.t.j.p.i.JtaPlatformInitiator       : HHH000489: No JTA platform available (set 'hibernate.transaction.jta.platform' to enable JTA platform integration)
2025-08-19T16:33:44.770+02:00  INFO 3614 --- [bucketlist] [           main] j.LocalContainerEntityManagerFactoryBean : Initialized JPA EntityManagerFactory for persistence unit 'default'
2025-08-19T16:33:45.269+02:00  INFO 3614 --- [bucketlist] [           main] o.s.d.j.r.query.QueryEnhancerFactory     : Hibernate is in classpath; If applicable, HQL parser will be used.
2025-08-19T16:33:45.753+02:00  WARN 3614 --- [bucketlist] [           main] JpaBaseConfiguration$JpaWebConfiguration : spring.jpa.open-in-view is enabled by default. Therefore, database queries may be performed during view rendering. Explicitly configure spring.jpa.open-in-view to disable this warning
2025-08-19T16:33:45.979+02:00  INFO 3614 --- [bucketlist] [           main] o.s.b.a.h2.H2ConsoleAutoConfiguration    : H2 console available at '/h2-console'. Database available at 'jdbc:h2:mem:bucketlist'
2025-08-19T16:33:46.022+02:00  INFO 3614 --- [bucketlist] [           main] o.s.b.w.embedded.tomcat.TomcatWebServer  : Tomcat started on port 8080 (http) with context path '/'
2025-08-19T16:33:46.029+02:00  INFO 3614 --- [bucketlist] [           main] com.bucketlist.BucketListApplication     : Started BucketListApplication in 4.253 seconds (process running for 4.537)
2025-08-19T16:33:46.471+02:00  INFO 3614 --- [bucketlist] [nio-8080-exec-1] o.a.c.c.C.[Tomcat].[localhost].[/]       : Initializing Spring DispatcherServlet 'dispatcherServlet'
2025-08-19T16:33:46.471+02:00  INFO 3614 --- [bucketlist] [nio-8080-exec-1] o.s.web.servlet.DispatcherServlet        : Initializing Servlet 'dispatcherServlet'
2025-08-19T16:33:46.472+02:00  INFO 3614 --- [bucketlist] [nio-8080-exec-1] o.s.web.servlet.DispatcherServlet        : Completed initialization in 1 ms
2025-08-19T16:34:07.364+02:00  INFO 3614 --- [bucketlist] [nio-8080-exec-2] com.bucketlist.domain.ProfileService     : Creating profile for user: age=25, gender=MALE, capital=500000
2025-08-19T16:34:12.245+02:00 DEBUG 3614 --- [bucketlist] [nio-8080-exec-2] com.bucketlist.domain.ProfileService     : Generated enhanced profile: {
  "personality": {
    "openness": "high",
    "extraversion": "medium",
    "riskTolerance": "medium"
  },
  "preferences": {
    "themes": ["outdoors", "culture", "food", "sports"],
    "travelStyle": "premium",
    "timeWindows": ["1-week", "2-weeks+"]
  },
  "priorExperiences": [
    {"title": "Hiking in Abisko National Park", "category": "Adventure", "year": 2022},
    {"title": "Culinary tour in Gothenburg", "category": "Food", "year": 2023},
    {"title": "Skiing in Åre", "category": "Sports", "year": 2021}
  ],
  "summary": "A 25-year-old male with a passion for outdoor adventures and culinary experiences. He enjoys exploring new cultures and is open to trying new activities." 
}
2025-08-19T16:34:12.313+02:00  INFO 3614 --- [bucketlist] [nio-8080-exec-2] com.bucketlist.domain.ProfileService     : Profile created with ID: a9e41e18-cdd6-4ae4-9ea9-a367163c5eb9
2025-08-19T16:34:27.191+02:00  INFO 3614 --- [bucketlist] [nio-8080-exec-3] c.bucketlist.api.SuggestionController    : Getting next suggestion for profile a9e41e18-cdd6-4ae4-9ea9-a367163c5eb9 with category LUXURY_THINGS, mode CREATIVE
2025-08-19T16:34:27.258+02:00  INFO 3614 --- [bucketlist] [nio-8080-exec-3] c.bucketlist.domain.SuggestionService    : Generating 5 suggestions for profile a9e41e18-cdd6-4ae4-9ea9-a367163c5eb9 with category LUXURY_THINGS and mode CREATIVE
2025-08-19T16:34:27.267+02:00 DEBUG 3614 --- [bucketlist] [nio-8080-exec-3] c.bucketlist.domain.SuggestionService    : Retrieving feedback history for profile a9e41e18-cdd6-4ae4-9ea9-a367163c5eb9
2025-08-19T16:34:48.883+02:00 DEBUG 3614 --- [bucketlist] [nio-8080-exec-3] c.bucketlist.domain.SuggestionService    : AI response: [
  {
    "title": "Luxury Car Rally in the Swedish Countryside",
    "description": "Join an exclusive luxury car rally, driving high-end vehicles through stunning Swedish landscapes, with gourmet pit stops and a VIP gala dinner.",
    "priceBand": "HIGH",
    "budgetBreakdown": [
      {"category": "Transport", "description": "Luxury car rental for the event", "amount": 50000},
      {"category": "Accommodation", "description": "2 nights in a 5-star hotel", "amount": 8000},
      {"category": "Activities", "description": "Rally participation fee", "amount": 20000},
      {"category": "Food", "description": "Gourmet meals during the event", "amount": 5000}
    ]
  },
  {
    "title": "Private Yacht Experience in the Archipelago",
    "description": "Charter a private yacht to explore the breathtaking Stockholm Archipelago, complete with a personal chef and tailored excursions to hidden gems.",
    "priceBand": "HIGH",
    "budgetBreakdown": [
      {"category": "Transport", "description": "Yacht charter for 3 days", "amount": 150000},
      {"category": "Accommodation", "description": "Luxury yacht stay", "amount": 30000},
      {"category": "Activities", "description": "Private guided tours", "amount": 10000},
      {"category": "Food", "description": "Gourmet dining onboard", "amount": 20000}
    ]
  },
  {
    "title": "Exclusive Scandinavian Culinary Retreat",
    "description": "Immerse yourself in a bespoke culinary retreat, learning from top chefs using local ingredients, paired with wine tastings and luxury accommodations.",
    "priceBand": "HIGH",
    "budgetBreakdown": [
      {"category": "Transport", "description": "First-class train tickets to the retreat location", "amount": 5000},
      {"category": "Accommodation", "description": "3 nights in a luxury lodge", "amount": 15000},
      {"category": "Activities", "description": "Culinary classes and tastings", "amount": 25000},
      {"category": "Food", "description": "Gourmet meals included", "amount": 5000}
    ]
  },
  {
    "title": "Private Art Collection Tour and Auction Experience",
    "description": "Gain exclusive access to a private art collection, guided by the curator, and participate in a luxury auction to acquire a piece of art.",
    "priceBand": "HIGH",
    "budgetBreakdown": [
      {"category": "Transport", "description": "Private chauffeur service", "amount": 10000},
      {"category": "Accommodation", "description": "1 night in a luxury hotel", "amount": 20000},
      {"category": "Activities", "description": "Private art tour and auction fees", "amount": 40000},
      {"category": "Food", "description": "Fine dining experience", "amount": 5000}
    ]
  },
  {
    "title": "Luxury Watch Customization Experience",
    "description": "Design your own luxury watch with a master craftsman, selecting materials and features, followed by a gala dinner to showcase your creation.",
    "priceBand": "HIGH",
    "budgetBreakdown": [
      {"category": "Transport", "description": "Flight to Switzerland for the experience", "amount": 12000},
      {"category": "Accommodation", "description": "2 nights in a luxury hotel", "amount": 20000},
      {"category": "Activities", "description": "Watch customization workshop fee", "amount": 80000},
      {"category": "Food", "description": "Gala dinner with watch collectors", "amount": 5000}
    ]
  }
]
2025-08-19T16:35:58.236+02:00  INFO 3614 --- [bucketlist] [nio-8080-exec-5] c.bucketlist.api.SuggestionController    : Submitting feedback for suggestion bc954d92-6b00-4f93-b77b-37e5a0a1666c from profile a9e41e18-cdd6-4ae4-9ea9-a367163c5eb9
2025-08-19T16:35:58.236+02:00  INFO 3614 --- [bucketlist] [nio-8080-exec-5] c.bucketlist.domain.SuggestionService    : Recording feedback: profile=a9e41e18-cdd6-4ae4-9ea9-a367163c5eb9, suggestion=bc954d92-6b00-4f93-b77b-37e5a0a1666c, verdict=REJECT
2025-08-19T16:35:58.246+02:00  INFO 3614 --- [bucketlist] [nio-8080-exec-6] c.bucketlist.api.SuggestionController    : Getting next suggestion for profile a9e41e18-cdd6-4ae4-9ea9-a367163c5eb9 with category LUXURY_THINGS, mode CREATIVE
2025-08-19T16:36:01.450+02:00  INFO 3614 --- [bucketlist] [nio-8080-exec-7] c.bucketlist.api.SuggestionController    : Submitting feedback for suggestion 50ef6d9c-3b5e-43f5-8e59-c696298c6d8d from profile a9e41e18-cdd6-4ae4-9ea9-a367163c5eb9
2025-08-19T16:36:01.450+02:00  INFO 3614 --- [bucketlist] [nio-8080-exec-7] c.bucketlist.domain.SuggestionService    : Recording feedback: profile=a9e41e18-cdd6-4ae4-9ea9-a367163c5eb9, suggestion=50ef6d9c-3b5e-43f5-8e59-c696298c6d8d, verdict=ACCEPT
2025-08-19T16:36:01.458+02:00  INFO 3614 --- [bucketlist] [nio-8080-exec-8] c.bucketlist.api.SuggestionController    : Getting next suggestion for profile a9e41e18-cdd6-4ae4-9ea9-a367163c5eb9 with category LUXURY_THINGS, mode CREATIVE
2025-08-19T16:36:08.116+02:00  INFO 3614 --- [bucketlist] [nio-8080-exec-9] c.bucketlist.api.SuggestionController    : Submitting feedback for suggestion 6046aa61-ef84-40f0-9bf2-631599df04ee from profile a9e41e18-cdd6-4ae4-9ea9-a367163c5eb9
2025-08-19T16:36:08.116+02:00  INFO 3614 --- [bucketlist] [nio-8080-exec-9] c.bucketlist.domain.SuggestionService    : Recording feedback: profile=a9e41e18-cdd6-4ae4-9ea9-a367163c5eb9, suggestion=6046aa61-ef84-40f0-9bf2-631599df04ee, verdict=REJECT
2025-08-19T16:36:08.124+02:00  INFO 3614 --- [bucketlist] [io-8080-exec-10] c.bucketlist.api.SuggestionController    : Getting next suggestion for profile a9e41e18-cdd6-4ae4-9ea9-a367163c5eb9 with category LUXURY_THINGS, mode CREATIVE
2025-08-19T16:36:14.455+02:00  INFO 3614 --- [bucketlist] [nio-8080-exec-1] c.bucketlist.api.SuggestionController    : Submitting feedback for suggestion c2bba309-68d7-4567-85c6-6ebdcd13dc8e from profile a9e41e18-cdd6-4ae4-9ea9-a367163c5eb9
2025-08-19T16:36:14.455+02:00  INFO 3614 --- [bucketlist] [nio-8080-exec-1] c.bucketlist.domain.SuggestionService    : Recording feedback: profile=a9e41e18-cdd6-4ae4-9ea9-a367163c5eb9, suggestion=c2bba309-68d7-4567-85c6-6ebdcd13dc8e, verdict=REJECT
2025-08-19T16:36:14.463+02:00  INFO 3614 --- [bucketlist] [nio-8080-exec-2] c.bucketlist.api.SuggestionController    : Getting next suggestion for profile a9e41e18-cdd6-4ae4-9ea9-a367163c5eb9 with category LUXURY_THINGS, mode CREATIVE
2025-08-19T16:36:16.766+02:00  INFO 3614 --- [bucketlist] [nio-8080-exec-3] c.bucketlist.api.SuggestionController    : Submitting feedback for suggestion 822046e3-a02d-499d-b896-2897a39cc083 from profile a9e41e18-cdd6-4ae4-9ea9-a367163c5eb9
2025-08-19T16:36:16.766+02:00  INFO 3614 --- [bucketlist] [nio-8080-exec-3] c.bucketlist.domain.SuggestionService    : Recording feedback: profile=a9e41e18-cdd6-4ae4-9ea9-a367163c5eb9, suggestion=822046e3-a02d-499d-b896-2897a39cc083, verdict=ACCEPT
2025-08-19T16:36:16.773+02:00  INFO 3614 --- [bucketlist] [nio-8080-exec-4] c.bucketlist.api.SuggestionController    : Getting next suggestion for profile a9e41e18-cdd6-4ae4-9ea9-a367163c5eb9 with category LUXURY_THINGS, mode CREATIVE
2025-08-19T16:36:16.774+02:00  INFO 3614 --- [bucketlist] [nio-8080-exec-4] c.bucketlist.domain.SuggestionService    : Generating 5 suggestions for profile a9e41e18-cdd6-4ae4-9ea9-a367163c5eb9 with category LUXURY_THINGS and mode CREATIVE
2025-08-19T16:36:16.775+02:00 DEBUG 3614 --- [bucketlist] [nio-8080-exec-4] c.bucketlist.domain.SuggestionService    : Retrieving feedback history for profile a9e41e18-cdd6-4ae4-9ea9-a367163c5eb9
2025-08-19T16:36:35.782+02:00 DEBUG 3614 --- [bucketlist] [nio-8080-exec-4] c.bucketlist.domain.SuggestionService    : AI response: [
  {
    "title": "Luxury Safari in South Africa",
    "description": "Experience the thrill of a private luxury safari in Kruger National Park, with exclusive game drives, a personal guide, and gourmet dining under the stars.",
    "priceBand": "HIGH",
    "budgetBreakdown": [
      {"category": "Transport", "description": "Round-trip flights to South Africa", "amount": 15000},
      {"category": "Accommodation", "description": "5 nights in a luxury lodge", "amount": 50000},
      {"category": "Activities", "description": "Private guided safari tours", "amount": 30000},
      {"category": "Food", "description": "Gourmet meals and wine pairings", "amount": 5000}
    ]
  },
  {
    "title": "Exclusive Whisky Tasting Experience",
    "description": "Join a private whisky tasting session at a renowned distillery in Scotland, featuring rare bottle selections and a masterclass with a whisky expert.",
    "priceBand": "HIGH",
    "budgetBreakdown": [
      {"category": "Transport", "description": "Round-trip flights to Scotland", "amount": 10000},
      {"category": "Accommodation", "description": "3 nights in a luxury hotel", "amount": 25000},
      {"category": "Activities", "description": "Private distillery tour and tasting", "amount": 15000},
      {"category": "Food", "description": "Fine dining experiences", "amount": 7000}
    ]
  },
  {
    "title": "Private Supercar Driving Experience",
    "description": "Drive high-performance supercars on a racetrack, with personal coaching and exclusive access to various luxury vehicles for an adrenaline-filled day.",
    "priceBand": "HIGH",
    "budgetBreakdown": [
      {"category": "Transport", "description": "Round-trip flights to Italy", "amount": 12000},
      {"category": "Accommodation", "description": "2 nights in a 5-star hotel", "amount": 20000},
      {"category": "Activities", "description": "Supercar driving experience", "amount": 30000},
      {"category": "Food", "description": "Gourmet meals at exclusive restaurants", "amount": 5000}
    ]
  },
  {
    "title": "Personalized Luxury Jewelry Creation",
    "description": "Collaborate with a master jeweler to design and create your own bespoke piece of jewelry, including a luxurious unveiling dinner at an exclusive venue.",
    "priceBand": "HIGH",
    "budgetBreakdown": [
      {"category": "Transport", "description": "Local transport to jewelry studio", "amount": 2000},
      {"category": "Accommodation", "description": "1 night at a luxury hotel", "amount": 15000},
      {"category": "Activities", "description": "Jewelry design session", "amount": 40000},
      {"category": "Food", "description": "Private dinner event", "amount": 3000}
    ]
  },
  {
    "title": "Gourmet Food Cruise Experience",
    "description": "Embark on a luxury cruise featuring a gourmet food journey, with celebrity chefs, wine pairings, and exclusive onboard dining experiences.",
    "priceBand": "HIGH",
    "budgetBreakdown": [
      {"category": "Transport", "description": "Round-trip flights to departure port", "amount": 10000},
      {"category": "Accommodation", "description": "7 nights in a luxury cabin", "amount": 40000},
      {"category": "Activities", "description": "Onboard gourmet dining experiences", "amount": 35000},
      {"category": "Food", "description": "Specialty wine tastings and events", "amount": 5000}
    ]
  }
]
2025-08-19T16:36:40.976+02:00  INFO 3614 --- [bucketlist] [nio-8080-exec-5] c.bucketlist.api.SuggestionController    : Submitting feedback for suggestion 8d020621-0320-4c6f-93b9-1002a63746b9 from profile a9e41e18-cdd6-4ae4-9ea9-a367163c5eb9
2025-08-19T16:36:40.976+02:00  INFO 3614 --- [bucketlist] [nio-8080-exec-5] c.bucketlist.domain.SuggestionService    : Recording feedback: profile=a9e41e18-cdd6-4ae4-9ea9-a367163c5eb9, suggestion=8d020621-0320-4c6f-93b9-1002a63746b9, verdict=REJECT
2025-08-19T16:36:40.984+02:00  INFO 3614 --- [bucketlist] [nio-8080-exec-6] c.bucketlist.api.SuggestionController    : Getting next suggestion for profile a9e41e18-cdd6-4ae4-9ea9-a367163c5eb9 with category LUXURY_THINGS, mode CREATIVE
2025-08-19T16:36:43.902+02:00  INFO 3614 --- [bucketlist] [nio-8080-exec-7] c.bucketlist.api.SuggestionController    : Submitting feedback for suggestion dfc8372f-476e-4bce-9321-044aaf88d921 from profile a9e41e18-cdd6-4ae4-9ea9-a367163c5eb9
2025-08-19T16:36:43.902+02:00  INFO 3614 --- [bucketlist] [nio-8080-exec-7] c.bucketlist.domain.SuggestionService    : Recording feedback: profile=a9e41e18-cdd6-4ae4-9ea9-a367163c5eb9, suggestion=dfc8372f-476e-4bce-9321-044aaf88d921, verdict=REJECT
2025-08-19T16:36:43.909+02:00  INFO 3614 --- [bucketlist] [nio-8080-exec-8] c.bucketlist.api.SuggestionController    : Getting next suggestion for profile a9e41e18-cdd6-4ae4-9ea9-a367163c5eb9 with category LUXURY_THINGS, mode CREATIVE
2025-08-19T16:36:48.018+02:00  INFO 3614 --- [bucketlist] [nio-8080-exec-9] c.bucketlist.api.SuggestionController    : Submitting feedback for suggestion 34dbcf13-bc14-4753-93bc-eca5875e3c82 from profile a9e41e18-cdd6-4ae4-9ea9-a367163c5eb9
2025-08-19T16:36:48.018+02:00  INFO 3614 --- [bucketlist] [nio-8080-exec-9] c.bucketlist.domain.SuggestionService    : Recording feedback: profile=a9e41e18-cdd6-4ae4-9ea9-a367163c5eb9, suggestion=34dbcf13-bc14-4753-93bc-eca5875e3c82, verdict=REJECT
2025-08-19T16:36:48.026+02:00  INFO 3614 --- [bucketlist] [io-8080-exec-10] c.bucketlist.api.SuggestionController    : Getting next suggestion for profile a9e41e18-cdd6-4ae4-9ea9-a367163c5eb9 with category LUXURY_THINGS, mode CREATIVE
2025-08-19T16:36:50.840+02:00  INFO 3614 --- [bucketlist] [nio-8080-exec-1] c.bucketlist.api.SuggestionController    : Submitting feedback for suggestion dedfa2d1-5da7-4a60-abbc-f719aafe2328 from profile a9e41e18-cdd6-4ae4-9ea9-a367163c5eb9
2025-08-19T16:36:50.840+02:00  INFO 3614 --- [bucketlist] [nio-8080-exec-1] c.bucketlist.domain.SuggestionService    : Recording feedback: profile=a9e41e18-cdd6-4ae4-9ea9-a367163c5eb9, suggestion=dedfa2d1-5da7-4a60-abbc-f719aafe2328, verdict=REJECT
2025-08-19T16:36:50.848+02:00  INFO 3614 --- [bucketlist] [nio-8080-exec-2] c.bucketlist.api.SuggestionController    : Getting next suggestion for profile a9e41e18-cdd6-4ae4-9ea9-a367163c5eb9 with category LUXURY_THINGS, mode CREATIVE
